[ INFO ] [2017-01-03 14:38:21] myboot.Application [52] - Starting Application on DESKTOP-3A8N9HB with PID 11988 (G:\myboot\myboot\target\classes started by yangyixiao)
[ INFO ] [2017-01-03 14:38:21] org.springframework.boot.context.embedded.AnnotationConfigEmbeddedWebApplicationContext [513] - Refreshing org.springframework.boot.context.embedded.AnnotationConfigEmbeddedWebApplicationContext@2d710f1a: startup date [Tue Jan 03 14:38:21 CST 2017]; root of context hierarchy
[ INFO ] [2017-01-03 14:38:22] org.springframework.beans.factory.support.DefaultListableBeanFactory [746] - Overriding bean definition for bean 'beanNameViewResolver': replacing [Root bean: class [null]; scope=; abstract=false; lazyInit=false; autowireMode=3; dependencyCheck=0; autowireCandidate=true; primary=false; factoryBeanName=org.springframework.boot.actuate.autoconfigure.ErrorMvcAutoConfiguration$WhitelabelErrorViewConfiguration; factoryMethodName=beanNameViewResolver; initMethodName=null; destroyMethodName=(inferred); defined in class path resource [org/springframework/boot/actuate/autoconfigure/ErrorMvcAutoConfiguration$WhitelabelErrorViewConfiguration.class]] with [Root bean: class [null]; scope=; abstract=false; lazyInit=false; autowireMode=3; dependencyCheck=0; autowireCandidate=true; primary=false; factoryBeanName=org.springframework.boot.autoconfigure.web.WebMvcAutoConfiguration$WebMvcAutoConfigurationAdapter; factoryMethodName=beanNameViewResolver; initMethodName=null; destroyMethodName=(inferred); defined in class path resource [org/springframework/boot/autoconfigure/web/WebMvcAutoConfiguration$WebMvcAutoConfigurationAdapter.class]]
[ INFO ] [2017-01-03 14:38:22] org.springframework.beans.factory.support.DefaultListableBeanFactory [746] - Overriding bean definition for bean 'ignoredPathsWebSecurityConfigurerAdapter': replacing [Root bean: class [null]; scope=; abstract=false; lazyInit=false; autowireMode=3; dependencyCheck=0; autowireCandidate=true; primary=false; factoryBeanName=org.springframework.boot.autoconfigure.security.SpringBootWebSecurityConfiguration; factoryMethodName=ignoredPathsWebSecurityConfigurerAdapter; initMethodName=null; destroyMethodName=(inferred); defined in class path resource [org/springframework/boot/autoconfigure/security/SpringBootWebSecurityConfiguration.class]] with [Root bean: class [null]; scope=; abstract=false; lazyInit=false; autowireMode=3; dependencyCheck=0; autowireCandidate=true; primary=false; factoryBeanName=org.springframework.boot.actuate.autoconfigure.ManagementSecurityAutoConfiguration; factoryMethodName=ignoredPathsWebSecurityConfigurerAdapter; initMethodName=null; destroyMethodName=(inferred); defined in class path resource [org/springframework/boot/actuate/autoconfigure/ManagementSecurityAutoConfiguration.class]]
[ INFO ] [2017-01-03 14:38:22] org.springframework.boot.context.embedded.tomcat.TomcatEmbeddedServletContainerFactory [133] - Server initialized with port: 8080
[ INFO ] [2017-01-03 14:38:22] org.apache.coyote.http11.Http11NioProtocol [183] - Initializing ProtocolHandler ["http-nio-8080"]
[ INFO ] [2017-01-03 14:38:22] org.apache.catalina.core.StandardService [183] - Starting service Tomcat
[ INFO ] [2017-01-03 14:38:22] org.apache.catalina.core.StandardEngine [183] - Starting Servlet Engine: Apache Tomcat/7.0.47
[ WARN ] [2017-01-03 14:38:22] org.apache.catalina.startup.DigesterFactory [183] - Could not get url for /javax/servlet/jsp/resources/jsp_2_0.xsd
[ WARN ] [2017-01-03 14:38:22] org.apache.catalina.startup.DigesterFactory [183] - Could not get url for /javax/servlet/jsp/resources/jsp_2_1.xsd
[ WARN ] [2017-01-03 14:38:22] org.apache.catalina.startup.DigesterFactory [183] - Could not get url for /javax/servlet/jsp/resources/jsp_2_2.xsd
[ WARN ] [2017-01-03 14:38:22] org.apache.catalina.startup.DigesterFactory [183] - Could not get url for /javax/servlet/jsp/resources/web-jsptaglibrary_1_1.dtd
[ WARN ] [2017-01-03 14:38:22] org.apache.catalina.startup.DigesterFactory [183] - Could not get url for /javax/servlet/jsp/resources/web-jsptaglibrary_1_2.dtd
[ WARN ] [2017-01-03 14:38:22] org.apache.catalina.startup.DigesterFactory [183] - Could not get url for /javax/servlet/jsp/resources/web-jsptaglibrary_2_0.xsd
[ WARN ] [2017-01-03 14:38:22] org.apache.catalina.startup.DigesterFactory [183] - Could not get url for /javax/servlet/jsp/resources/web-jsptaglibrary_2_1.xsd
[ INFO ] [2017-01-03 14:38:22] org.apache.catalina.core.ContainerBase.[Tomcat].[localhost].[/] [183] - Initializing Spring embedded WebApplicationContext
[ INFO ] [2017-01-03 14:38:22] org.springframework.web.context.ContextLoader [342] - Root WebApplicationContext: initialization completed in 1044 ms
[ INFO ] [2017-01-03 14:38:23] org.springframework.boot.actuate.endpoint.mvc.EndpointHandlerMapping [181] - Mapped "{[/beans],methods=[GET],params=[],headers=[],consumes=[],produces=[],custom=[]}" onto public java.lang.Object org.springframework.boot.actuate.endpoint.mvc.EndpointMvcAdapter.invoke()
[ INFO ] [2017-01-03 14:38:23] org.springframework.boot.actuate.endpoint.mvc.EndpointHandlerMapping [181] - Mapped "{[/metrics/{name:.*}],methods=[GET],params=[],headers=[],consumes=[],produces=[],custom=[]}" onto public java.lang.Object org.springframework.boot.actuate.endpoint.mvc.MetricsMvcEndpoint.value(java.lang.String)
[ INFO ] [2017-01-03 14:38:23] org.springframework.boot.actuate.endpoint.mvc.EndpointHandlerMapping [181] - Mapped "{[/metrics],methods=[GET],params=[],headers=[],consumes=[],produces=[],custom=[]}" onto public java.lang.Object org.springframework.boot.actuate.endpoint.mvc.EndpointMvcAdapter.invoke()
[ INFO ] [2017-01-03 14:38:23] org.springframework.boot.actuate.endpoint.mvc.EndpointHandlerMapping [181] - Mapped "{[/trace],methods=[GET],params=[],headers=[],consumes=[],produces=[],custom=[]}" onto public java.lang.Object org.springframework.boot.actuate.endpoint.mvc.EndpointMvcAdapter.invoke()
[ INFO ] [2017-01-03 14:38:23] org.springframework.boot.actuate.endpoint.mvc.EndpointHandlerMapping [181] - Mapped "{[/dump],methods=[GET],params=[],headers=[],consumes=[],produces=[],custom=[]}" onto public java.lang.Object org.springframework.boot.actuate.endpoint.mvc.EndpointMvcAdapter.invoke()
[ INFO ] [2017-01-03 14:38:23] org.springframework.boot.actuate.endpoint.mvc.EndpointHandlerMapping [181] - Mapped "{[/health],methods=[GET],params=[],headers=[],consumes=[],produces=[],custom=[]}" onto public java.lang.Object org.springframework.boot.actuate.endpoint.mvc.EndpointMvcAdapter.invoke()
[ INFO ] [2017-01-03 14:38:23] org.springframework.boot.actuate.endpoint.mvc.EndpointHandlerMapping [181] - Mapped "{[/env/{name:.*}],methods=[GET],params=[],headers=[],consumes=[],produces=[],custom=[]}" onto public java.lang.Object org.springframework.boot.actuate.endpoint.mvc.EnvironmentMvcEndpoint.value(java.lang.String)
[ INFO ] [2017-01-03 14:38:23] org.springframework.boot.actuate.endpoint.mvc.EndpointHandlerMapping [181] - Mapped "{[/env],methods=[GET],params=[],headers=[],consumes=[],produces=[],custom=[]}" onto public java.lang.Object org.springframework.boot.actuate.endpoint.mvc.EndpointMvcAdapter.invoke()
[ INFO ] [2017-01-03 14:38:23] org.springframework.boot.actuate.endpoint.mvc.EndpointHandlerMapping [181] - Mapped "{[/shutdown],methods=[POST],params=[],headers=[],consumes=[],produces=[],custom=[]}" onto public java.lang.Object org.springframework.boot.actuate.endpoint.mvc.ShutdownMvcEndpoint.invoke()
[ INFO ] [2017-01-03 14:38:23] org.springframework.boot.actuate.endpoint.mvc.EndpointHandlerMapping [181] - Mapped "{[/info],methods=[GET],params=[],headers=[],consumes=[],produces=[],custom=[]}" onto public java.lang.Object org.springframework.boot.actuate.endpoint.mvc.EndpointMvcAdapter.invoke()
[ INFO ] [2017-01-03 14:38:23] org.springframework.boot.actuate.endpoint.mvc.EndpointHandlerMapping [181] - Mapped "{[/autoconfig],methods=[GET],params=[],headers=[],consumes=[],produces=[],custom=[]}" onto public java.lang.Object org.springframework.boot.actuate.endpoint.mvc.EndpointMvcAdapter.invoke()
[ INFO ] [2017-01-03 14:38:23] org.springframework.boot.actuate.endpoint.mvc.EndpointHandlerMapping [181] - Mapped "{[/configprops],methods=[GET],params=[],headers=[],consumes=[],produces=[],custom=[]}" onto public java.lang.Object org.springframework.boot.actuate.endpoint.mvc.EndpointMvcAdapter.invoke()
[ INFO ] [2017-01-03 14:38:23] org.springframework.security.web.DefaultSecurityFilterChain [28] - Creating filter chain: Ant [pattern='/css/**'], []
[ INFO ] [2017-01-03 14:38:23] org.springframework.security.web.DefaultSecurityFilterChain [28] - Creating filter chain: Ant [pattern='/js/**'], []
[ INFO ] [2017-01-03 14:38:23] org.springframework.security.web.DefaultSecurityFilterChain [28] - Creating filter chain: Ant [pattern='/images/**'], []
[ INFO ] [2017-01-03 14:38:23] org.springframework.security.web.DefaultSecurityFilterChain [28] - Creating filter chain: Ant [pattern='/**/favicon.ico'], []
[ INFO ] [2017-01-03 14:38:23] org.springframework.security.web.DefaultSecurityFilterChain [28] - Creating filter chain: Ant [pattern='/health'], []
[ INFO ] [2017-01-03 14:38:23] org.springframework.security.web.DefaultSecurityFilterChain [28] - Creating filter chain: Ant [pattern='/info'], []
[ INFO ] [2017-01-03 14:38:23] org.springframework.security.web.DefaultSecurityFilterChain [28] - Creating filter chain: Ant [pattern='/error'], []
[ INFO ] [2017-01-03 14:38:23] org.springframework.security.web.DefaultSecurityFilterChain [28] - Creating filter chain: OrRequestMatcher [requestMatchers=[Ant [pattern='/beans'], Ant [pattern='/metrics'], Ant [pattern='/trace'], Ant [pattern='/dump'], Ant [pattern='/env'], Ant [pattern='/shutdown'], Ant [pattern='/autoconfig'], Ant [pattern='/configprops']]], [org.springframework.security.web.context.request.async.WebAsyncManagerIntegrationFilter@4a55a3ed, org.springframework.security.web.context.SecurityContextPersistenceFilter@67fb50c4, org.springframework.security.web.header.HeaderWriterFilter@665aa515, org.springframework.security.web.authentication.logout.LogoutFilter@79c06ee, org.springframework.security.web.authentication.www.BasicAuthenticationFilter@6a17d65d, org.springframework.security.web.savedrequest.RequestCacheAwareFilter@4d631799, org.springframework.security.web.servletapi.SecurityContextHolderAwareRequestFilter@58e19588, org.springframework.security.web.session.SessionManagementFilter@43aa9166, org.springframework.security.web.access.ExceptionTranslationFilter@18e56ba9, org.springframework.security.web.access.intercept.FilterSecurityInterceptor@287c6765]
[ INFO ] [2017-01-03 14:38:23] org.springframework.security.web.DefaultSecurityFilterChain [28] - Creating filter chain: OrRequestMatcher [requestMatchers=[Ant [pattern='/**']]], [org.springframework.security.web.context.request.async.WebAsyncManagerIntegrationFilter@4979131c, org.springframework.security.web.context.SecurityContextPersistenceFilter@1143b44a, org.springframework.security.web.header.HeaderWriterFilter@1a9ef357, org.springframework.security.web.authentication.logout.LogoutFilter@6f0aab9, org.springframework.security.web.authentication.www.BasicAuthenticationFilter@2efd92ed, org.springframework.security.web.savedrequest.RequestCacheAwareFilter@7031d6be, org.springframework.security.web.servletapi.SecurityContextHolderAwareRequestFilter@1dd887a4, org.springframework.security.web.session.SessionManagementFilter@6d1ec5bb, org.springframework.security.web.access.ExceptionTranslationFilter@35ca8b2f, org.springframework.security.web.access.intercept.FilterSecurityInterceptor@2ddb408d]
[ INFO ] [2017-01-03 14:38:23] org.apache.coyote.http11.Http11NioProtocol [183] - Starting ProtocolHandler ["http-nio-8080"]
[ INFO ] [2017-01-03 14:38:23] org.apache.tomcat.util.net.NioSelectorPool [183] - Using a shared selector for servlet write/read
[ INFO ] [2017-01-03 14:38:23] org.apache.coyote.http11.Http11NioProtocol [183] - Stopping ProtocolHandler ["http-nio-8080"]
[ INFO ] [2017-01-03 14:38:23] org.springframework.web.servlet.handler.SimpleUrlHandlerMapping [315] - Mapped URL path [/**/favicon.ico] onto handler of type [class org.springframework.web.servlet.resource.ResourceHttpRequestHandler]
[ INFO ] [2017-01-03 14:38:24] org.springframework.web.servlet.mvc.method.annotation.RequestMappingHandlerMapping [181] - Mapped "{[/],methods=[],params=[],headers=[],consumes=[],produces=[],custom=[]}" onto public java.lang.String myboot.Application.home()
[ INFO ] [2017-01-03 14:38:24] org.springframework.web.servlet.mvc.method.annotation.RequestMappingHandlerMapping [181] - Mapped "{[/user],methods=[GET],params=[],headers=[],consumes=[],produces=[],custom=[]}" onto public java.util.Map<java.lang.String, java.lang.Object> myboot.controller.UserController.getUser(javax.servlet.http.HttpSession)
[ INFO ] [2017-01-03 14:38:24] org.springframework.web.servlet.mvc.method.annotation.RequestMappingHandlerMapping [181] - Mapped "{[/error],methods=[],params=[],headers=[],consumes=[],produces=[],custom=[]}" onto public java.util.Map<java.lang.String, java.lang.Object> org.springframework.boot.actuate.web.BasicErrorController.error(javax.servlet.http.HttpServletRequest)
[ INFO ] [2017-01-03 14:38:24] org.springframework.web.servlet.mvc.method.annotation.RequestMappingHandlerMapping [181] - Mapped "{[/error],methods=[],params=[],headers=[],consumes=[],produces=[text/html],custom=[]}" onto public org.springframework.web.servlet.ModelAndView org.springframework.boot.actuate.web.BasicErrorController.errorHtml(javax.servlet.http.HttpServletRequest)
[ INFO ] [2017-01-03 14:38:24] org.springframework.web.servlet.handler.SimpleUrlHandlerMapping [315] - Mapped URL path [/webjars/**] onto handler of type [class org.springframework.web.servlet.resource.ResourceHttpRequestHandler]
[ INFO ] [2017-01-03 14:38:24] org.springframework.web.servlet.handler.SimpleUrlHandlerMapping [315] - Mapped URL path [/**] onto handler of type [class org.springframework.web.servlet.resource.ResourceHttpRequestHandler]
[ INFO ] [2017-01-03 14:38:24] org.springframework.boot.actuate.endpoint.jmx.EndpointMBeanExporter [416] - Registering beans for JMX exposure on startup
[ INFO ] [2017-01-03 14:38:24] org.springframework.context.support.DefaultLifecycleProcessor [341] - Starting beans in phase 0
[ INFO ] [2017-01-03 14:38:24] org.springframework.boot.actuate.endpoint.jmx.EndpointMBeanExporter [659] - Located managed bean 'environmentEndpoint': registering with JMX server as MBean [org.springframework.boot:type=Endpoint,name=environmentEndpoint]
[ INFO ] [2017-01-03 14:38:24] org.springframework.boot.actuate.endpoint.jmx.EndpointMBeanExporter [659] - Located managed bean 'healthEndpoint': registering with JMX server as MBean [org.springframework.boot:type=Endpoint,name=healthEndpoint]
[ INFO ] [2017-01-03 14:38:24] org.springframework.boot.actuate.endpoint.jmx.EndpointMBeanExporter [659] - Located managed bean 'beansEndpoint': registering with JMX server as MBean [org.springframework.boot:type=Endpoint,name=beansEndpoint]
[ INFO ] [2017-01-03 14:38:24] org.springframework.boot.actuate.endpoint.jmx.EndpointMBeanExporter [659] - Located managed bean 'infoEndpoint': registering with JMX server as MBean [org.springframework.boot:type=Endpoint,name=infoEndpoint]
[ INFO ] [2017-01-03 14:38:24] org.springframework.boot.actuate.endpoint.jmx.EndpointMBeanExporter [659] - Located managed bean 'metricsEndpoint': registering with JMX server as MBean [org.springframework.boot:type=Endpoint,name=metricsEndpoint]
[ INFO ] [2017-01-03 14:38:24] org.springframework.boot.actuate.endpoint.jmx.EndpointMBeanExporter [659] - Located managed bean 'traceEndpoint': registering with JMX server as MBean [org.springframework.boot:type=Endpoint,name=traceEndpoint]
[ INFO ] [2017-01-03 14:38:24] org.springframework.boot.actuate.endpoint.jmx.EndpointMBeanExporter [659] - Located managed bean 'dumpEndpoint': registering with JMX server as MBean [org.springframework.boot:type=Endpoint,name=dumpEndpoint]
[ INFO ] [2017-01-03 14:38:24] org.springframework.boot.actuate.endpoint.jmx.EndpointMBeanExporter [659] - Located managed bean 'autoConfigurationAuditEndpoint': registering with JMX server as MBean [org.springframework.boot:type=Endpoint,name=autoConfigurationAuditEndpoint]
[ INFO ] [2017-01-03 14:38:24] org.springframework.boot.actuate.endpoint.jmx.EndpointMBeanExporter [659] - Located managed bean 'shutdownEndpoint': registering with JMX server as MBean [org.springframework.boot:type=Endpoint,name=shutdownEndpoint]
[ INFO ] [2017-01-03 14:38:24] org.springframework.boot.actuate.endpoint.jmx.EndpointMBeanExporter [659] - Located managed bean 'configurationPropertiesReportEndpoint': registering with JMX server as MBean [org.springframework.boot:type=Endpoint,name=configurationPropertiesReportEndpoint]
[ INFO ] [2017-01-03 14:38:24] org.apache.coyote.http11.Http11NioProtocol [183] - Starting ProtocolHandler ["http-nio-8080"]
[ INFO ] [2017-01-03 14:38:24] org.apache.tomcat.util.net.NioSelectorPool [183] - Using a shared selector for servlet write/read
[ INFO ] [2017-01-03 14:38:24] org.springframework.boot.context.embedded.tomcat.TomcatEmbeddedServletContainer [121] - Tomcat started on port: 8080
[ INFO ] [2017-01-03 14:38:24] myboot.Application [61] - Started Application in 8.823 seconds (JVM running for 9.144)
[ INFO ] [2017-01-03 14:51:43] org.apache.catalina.core.ContainerBase.[Tomcat].[localhost].[/] [183] - Initializing Spring FrameworkServlet 'dispatcherServlet'
[ INFO ] [2017-01-03 14:51:43] org.springframework.web.servlet.DispatcherServlet [461] - FrameworkServlet 'dispatcherServlet': initialization started
[ INFO ] [2017-01-03 14:51:43] org.springframework.web.servlet.DispatcherServlet [480] - FrameworkServlet 'dispatcherServlet': initialization completed in 13 ms
[ WARN ] [2017-01-03 14:51:43] org.springframework.context.support.ResourceBundleMessageSource [291] - ResourceBundle [messages] not found for MessageSource: Can't find bundle for base name messages, locale zh_CN
[ INFO ] [2017-01-03 14:51:43] org.springframework.boot.actuate.audit.listener.AuditListener [43] - AuditEvent [timestamp=Tue Jan 03 14:51:43 CST 2017, principal=<unknown>, type=AUTHENTICATION_FAILURE, data={type=org.springframework.security.authentication.AuthenticationCredentialsNotFoundException, message=An Authentication object was not found in the SecurityContext}]
[ WARN ] [2017-01-03 14:51:48] org.springframework.context.support.ResourceBundleMessageSource [291] - ResourceBundle [messages] not found for MessageSource: Can't find bundle for base name messages, locale zh_CN
[ WARN ] [2017-01-03 14:51:48] org.springframework.context.support.ResourceBundleMessageSource [291] - ResourceBundle [messages] not found for MessageSource: Can't find bundle for base name messages, locale zh_CN
[ INFO ] [2017-01-03 14:51:48] org.springframework.boot.actuate.audit.listener.AuditListener [43] - AuditEvent [timestamp=Tue Jan 03 14:51:48 CST 2017, principal=yyx, type=AUTHENTICATION_FAILURE, data={type=org.springframework.security.authentication.BadCredentialsException, message=Bad credentials}]
[ WARN ] [2017-01-03 15:10:22] org.springframework.context.support.ResourceBundleMessageSource [291] - ResourceBundle [messages] not found for MessageSource: Can't find bundle for base name messages, locale zh_CN
[ WARN ] [2017-01-03 15:10:22] org.springframework.context.support.ResourceBundleMessageSource [291] - ResourceBundle [messages] not found for MessageSource: Can't find bundle for base name messages, locale zh_CN
[ INFO ] [2017-01-03 15:10:22] org.springframework.boot.actuate.audit.listener.AuditListener [43] - AuditEvent [timestamp=Tue Jan 03 15:10:22 CST 2017, principal=yyx, type=AUTHENTICATION_FAILURE, data={type=org.springframework.security.authentication.BadCredentialsException, message=Bad credentials}]
[ WARN ] [2017-01-03 15:10:31] org.springframework.context.support.ResourceBundleMessageSource [291] - ResourceBundle [messages] not found for MessageSource: Can't find bundle for base name messages, locale zh_CN
[ WARN ] [2017-01-03 15:10:31] org.springframework.context.support.ResourceBundleMessageSource [291] - ResourceBundle [messages] not found for MessageSource: Can't find bundle for base name messages, locale zh_CN
[ INFO ] [2017-01-03 15:10:31] org.springframework.boot.actuate.audit.listener.AuditListener [43] - AuditEvent [timestamp=Tue Jan 03 15:10:31 CST 2017, principal=yyx, type=AUTHENTICATION_FAILURE, data={type=org.springframework.security.authentication.BadCredentialsException, message=Bad credentials}]
[ WARN ] [2017-01-03 15:10:44] org.springframework.context.support.ResourceBundleMessageSource [291] - ResourceBundle [messages] not found for MessageSource: Can't find bundle for base name messages, locale zh_CN
[ WARN ] [2017-01-03 15:10:44] org.springframework.context.support.ResourceBundleMessageSource [291] - ResourceBundle [messages] not found for MessageSource: Can't find bundle for base name messages, locale zh_CN
[ INFO ] [2017-01-03 15:10:44] org.springframework.boot.actuate.audit.listener.AuditListener [43] - AuditEvent [timestamp=Tue Jan 03 15:10:44 CST 2017, principal=yyx, type=AUTHENTICATION_FAILURE, data={type=org.springframework.security.authentication.BadCredentialsException, message=Bad credentials}]
[ WARN ] [2017-01-03 15:10:49] org.springframework.context.support.ResourceBundleMessageSource [291] - ResourceBundle [messages] not found for MessageSource: Can't find bundle for base name messages, locale zh_CN
[ INFO ] [2017-01-03 15:10:49] org.springframework.boot.actuate.audit.listener.AuditListener [43] - AuditEvent [timestamp=Tue Jan 03 15:10:49 CST 2017, principal=<unknown>, type=AUTHENTICATION_FAILURE, data={type=org.springframework.security.authentication.AuthenticationCredentialsNotFoundException, message=An Authentication object was not found in the SecurityContext}]
[ WARN ] [2017-01-03 15:10:56] org.springframework.context.support.ResourceBundleMessageSource [291] - ResourceBundle [messages] not found for MessageSource: Can't find bundle for base name messages, locale zh_CN
[ WARN ] [2017-01-03 15:10:56] org.springframework.context.support.ResourceBundleMessageSource [291] - ResourceBundle [messages] not found for MessageSource: Can't find bundle for base name messages, locale zh_CN
[ INFO ] [2017-01-03 15:10:56] org.springframework.boot.actuate.audit.listener.AuditListener [43] - AuditEvent [timestamp=Tue Jan 03 15:10:56 CST 2017, principal=yyx, type=AUTHENTICATION_FAILURE, data={type=org.springframework.security.authentication.BadCredentialsException, message=Bad credentials}]
[ INFO ] [2017-01-03 15:14:02] myboot.Application [52] - Starting Application on DESKTOP-3A8N9HB with PID 1900 (G:\myboot\myboot\target\classes started by yangyixiao)
[ INFO ] [2017-01-03 15:14:02] org.springframework.boot.context.embedded.AnnotationConfigEmbeddedWebApplicationContext [513] - Refreshing org.springframework.boot.context.embedded.AnnotationConfigEmbeddedWebApplicationContext@6bd61f98: startup date [Tue Jan 03 15:14:02 CST 2017]; root of context hierarchy
[ INFO ] [2017-01-03 15:14:02] org.springframework.beans.factory.support.DefaultListableBeanFactory [746] - Overriding bean definition for bean 'beanNameViewResolver': replacing [Root bean: class [null]; scope=; abstract=false; lazyInit=false; autowireMode=3; dependencyCheck=0; autowireCandidate=true; primary=false; factoryBeanName=org.springframework.boot.actuate.autoconfigure.ErrorMvcAutoConfiguration$WhitelabelErrorViewConfiguration; factoryMethodName=beanNameViewResolver; initMethodName=null; destroyMethodName=(inferred); defined in class path resource [org/springframework/boot/actuate/autoconfigure/ErrorMvcAutoConfiguration$WhitelabelErrorViewConfiguration.class]] with [Root bean: class [null]; scope=; abstract=false; lazyInit=false; autowireMode=3; dependencyCheck=0; autowireCandidate=true; primary=false; factoryBeanName=org.springframework.boot.autoconfigure.web.WebMvcAutoConfiguration$WebMvcAutoConfigurationAdapter; factoryMethodName=beanNameViewResolver; initMethodName=null; destroyMethodName=(inferred); defined in class path resource [org/springframework/boot/autoconfigure/web/WebMvcAutoConfiguration$WebMvcAutoConfigurationAdapter.class]]
[ INFO ] [2017-01-03 15:14:02] org.springframework.beans.factory.support.DefaultListableBeanFactory [746] - Overriding bean definition for bean 'ignoredPathsWebSecurityConfigurerAdapter': replacing [Root bean: class [null]; scope=; abstract=false; lazyInit=false; autowireMode=3; dependencyCheck=0; autowireCandidate=true; primary=false; factoryBeanName=org.springframework.boot.autoconfigure.security.SpringBootWebSecurityConfiguration; factoryMethodName=ignoredPathsWebSecurityConfigurerAdapter; initMethodName=null; destroyMethodName=(inferred); defined in class path resource [org/springframework/boot/autoconfigure/security/SpringBootWebSecurityConfiguration.class]] with [Root bean: class [null]; scope=; abstract=false; lazyInit=false; autowireMode=3; dependencyCheck=0; autowireCandidate=true; primary=false; factoryBeanName=org.springframework.boot.actuate.autoconfigure.ManagementSecurityAutoConfiguration; factoryMethodName=ignoredPathsWebSecurityConfigurerAdapter; initMethodName=null; destroyMethodName=(inferred); defined in class path resource [org/springframework/boot/actuate/autoconfigure/ManagementSecurityAutoConfiguration.class]]
[ INFO ] [2017-01-03 15:14:03] org.springframework.boot.context.embedded.tomcat.TomcatEmbeddedServletContainerFactory [133] - Server initialized with port: 8080
[ INFO ] [2017-01-03 15:14:03] org.apache.coyote.http11.Http11NioProtocol [183] - Initializing ProtocolHandler ["http-nio-8080"]
[ INFO ] [2017-01-03 15:14:03] org.apache.catalina.core.StandardService [183] - Starting service Tomcat
[ INFO ] [2017-01-03 15:14:03] org.apache.catalina.core.StandardEngine [183] - Starting Servlet Engine: Apache Tomcat/7.0.47
[ WARN ] [2017-01-03 15:14:03] org.apache.catalina.startup.DigesterFactory [183] - Could not get url for /javax/servlet/jsp/resources/jsp_2_0.xsd
[ WARN ] [2017-01-03 15:14:03] org.apache.catalina.startup.DigesterFactory [183] - Could not get url for /javax/servlet/jsp/resources/jsp_2_1.xsd
[ WARN ] [2017-01-03 15:14:03] org.apache.catalina.startup.DigesterFactory [183] - Could not get url for /javax/servlet/jsp/resources/jsp_2_2.xsd
[ WARN ] [2017-01-03 15:14:03] org.apache.catalina.startup.DigesterFactory [183] - Could not get url for /javax/servlet/jsp/resources/web-jsptaglibrary_1_1.dtd
[ WARN ] [2017-01-03 15:14:03] org.apache.catalina.startup.DigesterFactory [183] - Could not get url for /javax/servlet/jsp/resources/web-jsptaglibrary_1_2.dtd
[ WARN ] [2017-01-03 15:14:03] org.apache.catalina.startup.DigesterFactory [183] - Could not get url for /javax/servlet/jsp/resources/web-jsptaglibrary_2_0.xsd
[ WARN ] [2017-01-03 15:14:03] org.apache.catalina.startup.DigesterFactory [183] - Could not get url for /javax/servlet/jsp/resources/web-jsptaglibrary_2_1.xsd
[ INFO ] [2017-01-03 15:14:03] org.apache.catalina.core.ContainerBase.[Tomcat].[localhost].[/] [183] - Initializing Spring embedded WebApplicationContext
[ INFO ] [2017-01-03 15:14:03] org.springframework.web.context.ContextLoader [342] - Root WebApplicationContext: initialization completed in 1039 ms
[ INFO ] [2017-01-03 15:14:03] org.springframework.boot.actuate.endpoint.mvc.EndpointHandlerMapping [181] - Mapped "{[/metrics/{name:.*}],methods=[GET],params=[],headers=[],consumes=[],produces=[],custom=[]}" onto public java.lang.Object org.springframework.boot.actuate.endpoint.mvc.MetricsMvcEndpoint.value(java.lang.String)
[ INFO ] [2017-01-03 15:14:03] org.springframework.boot.actuate.endpoint.mvc.EndpointHandlerMapping [181] - Mapped "{[/metrics],methods=[GET],params=[],headers=[],consumes=[],produces=[],custom=[]}" onto public java.lang.Object org.springframework.boot.actuate.endpoint.mvc.EndpointMvcAdapter.invoke()
[ INFO ] [2017-01-03 15:14:03] org.springframework.boot.actuate.endpoint.mvc.EndpointHandlerMapping [181] - Mapped "{[/autoconfig],methods=[GET],params=[],headers=[],consumes=[],produces=[],custom=[]}" onto public java.lang.Object org.springframework.boot.actuate.endpoint.mvc.EndpointMvcAdapter.invoke()
[ INFO ] [2017-01-03 15:14:03] org.springframework.boot.actuate.endpoint.mvc.EndpointHandlerMapping [181] - Mapped "{[/health],methods=[GET],params=[],headers=[],consumes=[],produces=[],custom=[]}" onto public java.lang.Object org.springframework.boot.actuate.endpoint.mvc.EndpointMvcAdapter.invoke()
[ INFO ] [2017-01-03 15:14:03] org.springframework.boot.actuate.endpoint.mvc.EndpointHandlerMapping [181] - Mapped "{[/beans],methods=[GET],params=[],headers=[],consumes=[],produces=[],custom=[]}" onto public java.lang.Object org.springframework.boot.actuate.endpoint.mvc.EndpointMvcAdapter.invoke()
[ INFO ] [2017-01-03 15:14:03] org.springframework.boot.actuate.endpoint.mvc.EndpointHandlerMapping [181] - Mapped "{[/env/{name:.*}],methods=[GET],params=[],headers=[],consumes=[],produces=[],custom=[]}" onto public java.lang.Object org.springframework.boot.actuate.endpoint.mvc.EnvironmentMvcEndpoint.value(java.lang.String)
[ INFO ] [2017-01-03 15:14:03] org.springframework.boot.actuate.endpoint.mvc.EndpointHandlerMapping [181] - Mapped "{[/env],methods=[GET],params=[],headers=[],consumes=[],produces=[],custom=[]}" onto public java.lang.Object org.springframework.boot.actuate.endpoint.mvc.EndpointMvcAdapter.invoke()
[ INFO ] [2017-01-03 15:14:03] org.springframework.boot.actuate.endpoint.mvc.EndpointHandlerMapping [181] - Mapped "{[/info],methods=[GET],params=[],headers=[],consumes=[],produces=[],custom=[]}" onto public java.lang.Object org.springframework.boot.actuate.endpoint.mvc.EndpointMvcAdapter.invoke()
[ INFO ] [2017-01-03 15:14:03] org.springframework.boot.actuate.endpoint.mvc.EndpointHandlerMapping [181] - Mapped "{[/dump],methods=[GET],params=[],headers=[],consumes=[],produces=[],custom=[]}" onto public java.lang.Object org.springframework.boot.actuate.endpoint.mvc.EndpointMvcAdapter.invoke()
[ INFO ] [2017-01-03 15:14:03] org.springframework.boot.actuate.endpoint.mvc.EndpointHandlerMapping [181] - Mapped "{[/trace],methods=[GET],params=[],headers=[],consumes=[],produces=[],custom=[]}" onto public java.lang.Object org.springframework.boot.actuate.endpoint.mvc.EndpointMvcAdapter.invoke()
[ INFO ] [2017-01-03 15:14:03] org.springframework.boot.actuate.endpoint.mvc.EndpointHandlerMapping [181] - Mapped "{[/configprops],methods=[GET],params=[],headers=[],consumes=[],produces=[],custom=[]}" onto public java.lang.Object org.springframework.boot.actuate.endpoint.mvc.EndpointMvcAdapter.invoke()
[ INFO ] [2017-01-03 15:14:03] org.springframework.boot.actuate.endpoint.mvc.EndpointHandlerMapping [181] - Mapped "{[/shutdown],methods=[POST],params=[],headers=[],consumes=[],produces=[],custom=[]}" onto public java.lang.Object org.springframework.boot.actuate.endpoint.mvc.ShutdownMvcEndpoint.invoke()
[ INFO ] [2017-01-03 15:14:04] org.springframework.security.web.DefaultSecurityFilterChain [28] - Creating filter chain: Ant [pattern='/css/**'], []
[ INFO ] [2017-01-03 15:14:04] org.springframework.security.web.DefaultSecurityFilterChain [28] - Creating filter chain: Ant [pattern='/js/**'], []
[ INFO ] [2017-01-03 15:14:04] org.springframework.security.web.DefaultSecurityFilterChain [28] - Creating filter chain: Ant [pattern='/images/**'], []
[ INFO ] [2017-01-03 15:14:04] org.springframework.security.web.DefaultSecurityFilterChain [28] - Creating filter chain: Ant [pattern='/**/favicon.ico'], []
[ INFO ] [2017-01-03 15:14:04] org.springframework.security.web.DefaultSecurityFilterChain [28] - Creating filter chain: Ant [pattern='/health'], []
[ INFO ] [2017-01-03 15:14:04] org.springframework.security.web.DefaultSecurityFilterChain [28] - Creating filter chain: Ant [pattern='/info'], []
[ INFO ] [2017-01-03 15:14:04] org.springframework.security.web.DefaultSecurityFilterChain [28] - Creating filter chain: Ant [pattern='/error'], []
[ INFO ] [2017-01-03 15:14:04] org.springframework.security.web.DefaultSecurityFilterChain [28] - Creating filter chain: OrRequestMatcher [requestMatchers=[Ant [pattern='/metrics'], Ant [pattern='/autoconfig'], Ant [pattern='/beans'], Ant [pattern='/env'], Ant [pattern='/dump'], Ant [pattern='/trace'], Ant [pattern='/configprops'], Ant [pattern='/shutdown']]], [org.springframework.security.web.context.request.async.WebAsyncManagerIntegrationFilter@7f3b029a, org.springframework.security.web.context.SecurityContextPersistenceFilter@3cfd22ca, org.springframework.security.web.header.HeaderWriterFilter@78a4f654, org.springframework.security.web.authentication.logout.LogoutFilter@59e86f83, org.springframework.security.web.authentication.www.BasicAuthenticationFilter@1cf912ac, org.springframework.security.web.savedrequest.RequestCacheAwareFilter@6975374, org.springframework.security.web.servletapi.SecurityContextHolderAwareRequestFilter@3e34c18e, org.springframework.security.web.session.SessionManagementFilter@f7aac46, org.springframework.security.web.access.ExceptionTranslationFilter@5adb557d, org.springframework.security.web.access.intercept.FilterSecurityInterceptor@27bf3991]
[ INFO ] [2017-01-03 15:14:04] org.springframework.security.web.DefaultSecurityFilterChain [28] - Creating filter chain: OrRequestMatcher [requestMatchers=[Ant [pattern='/**']]], [org.springframework.security.web.context.request.async.WebAsyncManagerIntegrationFilter@1213bfc5, org.springframework.security.web.context.SecurityContextPersistenceFilter@308e908c, org.springframework.security.web.header.HeaderWriterFilter@50216436, org.springframework.security.web.authentication.logout.LogoutFilter@60030bd5, org.springframework.security.web.authentication.www.BasicAuthenticationFilter@59f831f6, org.springframework.security.web.savedrequest.RequestCacheAwareFilter@69efc3f6, org.springframework.security.web.servletapi.SecurityContextHolderAwareRequestFilter@32341a29, org.springframework.security.web.session.SessionManagementFilter@4f73a2d8, org.springframework.security.web.access.ExceptionTranslationFilter@5bd05d06, org.springframework.security.web.access.intercept.FilterSecurityInterceptor@215ddbab]
[ INFO ] [2017-01-03 15:14:04] org.apache.coyote.http11.Http11NioProtocol [183] - Starting ProtocolHandler ["http-nio-8080"]
[ INFO ] [2017-01-03 15:14:04] org.apache.tomcat.util.net.NioSelectorPool [183] - Using a shared selector for servlet write/read
[ INFO ] [2017-01-03 15:14:04] org.apache.coyote.http11.Http11NioProtocol [183] - Stopping ProtocolHandler ["http-nio-8080"]
[ INFO ] [2017-01-03 15:14:04] org.springframework.web.servlet.handler.SimpleUrlHandlerMapping [315] - Mapped URL path [/**/favicon.ico] onto handler of type [class org.springframework.web.servlet.resource.ResourceHttpRequestHandler]
[ INFO ] [2017-01-03 15:14:04] org.springframework.web.servlet.mvc.method.annotation.RequestMappingHandlerMapping [181] - Mapped "{[/],methods=[],params=[],headers=[],consumes=[],produces=[],custom=[]}" onto public java.lang.String myboot.Application.home()
[ INFO ] [2017-01-03 15:14:04] org.springframework.web.servlet.mvc.method.annotation.RequestMappingHandlerMapping [181] - Mapped "{[/user],methods=[GET],params=[],headers=[],consumes=[],produces=[],custom=[]}" onto public java.util.Map<java.lang.String, java.lang.Object> myboot.controller.UserController.getUser(javax.servlet.http.HttpSession)
[ INFO ] [2017-01-03 15:14:04] org.springframework.web.servlet.mvc.method.annotation.RequestMappingHandlerMapping [181] - Mapped "{[/error],methods=[],params=[],headers=[],consumes=[],produces=[],custom=[]}" onto public java.util.Map<java.lang.String, java.lang.Object> org.springframework.boot.actuate.web.BasicErrorController.error(javax.servlet.http.HttpServletRequest)
[ INFO ] [2017-01-03 15:14:04] org.springframework.web.servlet.mvc.method.annotation.RequestMappingHandlerMapping [181] - Mapped "{[/error],methods=[],params=[],headers=[],consumes=[],produces=[text/html],custom=[]}" onto public org.springframework.web.servlet.ModelAndView org.springframework.boot.actuate.web.BasicErrorController.errorHtml(javax.servlet.http.HttpServletRequest)
[ INFO ] [2017-01-03 15:14:04] org.springframework.web.servlet.handler.SimpleUrlHandlerMapping [315] - Mapped URL path [/webjars/**] onto handler of type [class org.springframework.web.servlet.resource.ResourceHttpRequestHandler]
[ INFO ] [2017-01-03 15:14:04] org.springframework.web.servlet.handler.SimpleUrlHandlerMapping [315] - Mapped URL path [/**] onto handler of type [class org.springframework.web.servlet.resource.ResourceHttpRequestHandler]
[ INFO ] [2017-01-03 15:14:04] org.springframework.boot.actuate.endpoint.jmx.EndpointMBeanExporter [416] - Registering beans for JMX exposure on startup
[ INFO ] [2017-01-03 15:14:04] org.springframework.context.support.DefaultLifecycleProcessor [341] - Starting beans in phase 0
[ INFO ] [2017-01-03 15:14:04] org.springframework.boot.actuate.endpoint.jmx.EndpointMBeanExporter [659] - Located managed bean 'environmentEndpoint': registering with JMX server as MBean [org.springframework.boot:type=Endpoint,name=environmentEndpoint]
[ INFO ] [2017-01-03 15:14:04] org.springframework.boot.actuate.endpoint.jmx.EndpointMBeanExporter [659] - Located managed bean 'healthEndpoint': registering with JMX server as MBean [org.springframework.boot:type=Endpoint,name=healthEndpoint]
[ INFO ] [2017-01-03 15:14:04] org.springframework.boot.actuate.endpoint.jmx.EndpointMBeanExporter [659] - Located managed bean 'beansEndpoint': registering with JMX server as MBean [org.springframework.boot:type=Endpoint,name=beansEndpoint]
[ INFO ] [2017-01-03 15:14:04] org.springframework.boot.actuate.endpoint.jmx.EndpointMBeanExporter [659] - Located managed bean 'infoEndpoint': registering with JMX server as MBean [org.springframework.boot:type=Endpoint,name=infoEndpoint]
[ INFO ] [2017-01-03 15:14:04] org.springframework.boot.actuate.endpoint.jmx.EndpointMBeanExporter [659] - Located managed bean 'metricsEndpoint': registering with JMX server as MBean [org.springframework.boot:type=Endpoint,name=metricsEndpoint]
[ INFO ] [2017-01-03 15:14:04] org.springframework.boot.actuate.endpoint.jmx.EndpointMBeanExporter [659] - Located managed bean 'traceEndpoint': registering with JMX server as MBean [org.springframework.boot:type=Endpoint,name=traceEndpoint]
[ INFO ] [2017-01-03 15:14:04] org.springframework.boot.actuate.endpoint.jmx.EndpointMBeanExporter [659] - Located managed bean 'dumpEndpoint': registering with JMX server as MBean [org.springframework.boot:type=Endpoint,name=dumpEndpoint]
[ INFO ] [2017-01-03 15:14:04] org.springframework.boot.actuate.endpoint.jmx.EndpointMBeanExporter [659] - Located managed bean 'autoConfigurationAuditEndpoint': registering with JMX server as MBean [org.springframework.boot:type=Endpoint,name=autoConfigurationAuditEndpoint]
[ INFO ] [2017-01-03 15:14:04] org.springframework.boot.actuate.endpoint.jmx.EndpointMBeanExporter [659] - Located managed bean 'shutdownEndpoint': registering with JMX server as MBean [org.springframework.boot:type=Endpoint,name=shutdownEndpoint]
[ INFO ] [2017-01-03 15:14:04] org.springframework.boot.actuate.endpoint.jmx.EndpointMBeanExporter [659] - Located managed bean 'configurationPropertiesReportEndpoint': registering with JMX server as MBean [org.springframework.boot:type=Endpoint,name=configurationPropertiesReportEndpoint]
[ INFO ] [2017-01-03 15:14:04] org.apache.coyote.http11.Http11NioProtocol [183] - Starting ProtocolHandler ["http-nio-8080"]
[ INFO ] [2017-01-03 15:14:04] org.apache.tomcat.util.net.NioSelectorPool [183] - Using a shared selector for servlet write/read
[ INFO ] [2017-01-03 15:14:04] org.springframework.boot.context.embedded.tomcat.TomcatEmbeddedServletContainer [121] - Tomcat started on port: 8080
[ INFO ] [2017-01-03 15:14:04] myboot.Application [61] - Started Application in 8.2 seconds (JVM running for 8.513)
[ INFO ] [2017-01-03 15:14:10] org.apache.catalina.core.ContainerBase.[Tomcat].[localhost].[/] [183] - Initializing Spring FrameworkServlet 'dispatcherServlet'
[ INFO ] [2017-01-03 15:14:10] org.springframework.web.servlet.DispatcherServlet [461] - FrameworkServlet 'dispatcherServlet': initialization started
[ INFO ] [2017-01-03 15:14:10] org.springframework.web.servlet.DispatcherServlet [480] - FrameworkServlet 'dispatcherServlet': initialization completed in 14 ms
[ WARN ] [2017-01-03 15:14:10] org.springframework.context.support.ResourceBundleMessageSource [291] - ResourceBundle [messages] not found for MessageSource: Can't find bundle for base name messages, locale zh_CN
[ INFO ] [2017-01-03 15:14:10] org.springframework.boot.actuate.audit.listener.AuditListener [43] - AuditEvent [timestamp=Tue Jan 03 15:14:10 CST 2017, principal=<unknown>, type=AUTHENTICATION_FAILURE, data={type=org.springframework.security.authentication.AuthenticationCredentialsNotFoundException, message=An Authentication object was not found in the SecurityContext}]
[ WARN ] [2017-01-03 15:14:15] org.springframework.context.support.ResourceBundleMessageSource [291] - ResourceBundle [messages] not found for MessageSource: Can't find bundle for base name messages, locale zh_CN
[ INFO ] [2017-01-03 15:14:15] org.springframework.boot.actuate.audit.listener.AuditListener [43] - AuditEvent [timestamp=Tue Jan 03 15:14:15 CST 2017, principal=yyx, type=AUTHENTICATION_SUCCESS, data={details=org.springframework.security.web.authentication.WebAuthenticationDetails@b364: RemoteIpAddress: 0:0:0:0:0:0:0:1; SessionId: null}]
[ WARN ] [2017-01-03 15:14:19] org.springframework.context.support.ResourceBundleMessageSource [291] - ResourceBundle [messages] not found for MessageSource: Can't find bundle for base name messages, locale zh_CN
[ INFO ] [2017-01-03 15:14:19] org.springframework.boot.actuate.audit.listener.AuditListener [43] - AuditEvent [timestamp=Tue Jan 03 15:14:19 CST 2017, principal=yyx, type=AUTHENTICATION_SUCCESS, data={details=org.springframework.security.web.authentication.WebAuthenticationDetails@b364: RemoteIpAddress: 0:0:0:0:0:0:0:1; SessionId: null}]
[ WARN ] [2017-01-03 15:14:20] org.springframework.context.support.ResourceBundleMessageSource [291] - ResourceBundle [messages] not found for MessageSource: Can't find bundle for base name messages, locale zh_CN
[ INFO ] [2017-01-03 15:14:20] org.springframework.boot.actuate.audit.listener.AuditListener [43] - AuditEvent [timestamp=Tue Jan 03 15:14:20 CST 2017, principal=yyx, type=AUTHENTICATION_SUCCESS, data={details=org.springframework.security.web.authentication.WebAuthenticationDetails@b364: RemoteIpAddress: 0:0:0:0:0:0:0:1; SessionId: null}]
[ WARN ] [2017-01-03 15:14:20] org.springframework.context.support.ResourceBundleMessageSource [291] - ResourceBundle [messages] not found for MessageSource: Can't find bundle for base name messages, locale zh_CN
[ INFO ] [2017-01-03 15:14:20] org.springframework.boot.actuate.audit.listener.AuditListener [43] - AuditEvent [timestamp=Tue Jan 03 15:14:20 CST 2017, principal=yyx, type=AUTHENTICATION_SUCCESS, data={details=org.springframework.security.web.authentication.WebAuthenticationDetails@b364: RemoteIpAddress: 0:0:0:0:0:0:0:1; SessionId: null}]
[ WARN ] [2017-01-03 15:14:20] org.springframework.context.support.ResourceBundleMessageSource [291] - ResourceBundle [messages] not found for MessageSource: Can't find bundle for base name messages, locale zh_CN
[ INFO ] [2017-01-03 15:14:20] org.springframework.boot.actuate.audit.listener.AuditListener [43] - AuditEvent [timestamp=Tue Jan 03 15:14:20 CST 2017, principal=yyx, type=AUTHENTICATION_SUCCESS, data={details=org.springframework.security.web.authentication.WebAuthenticationDetails@b364: RemoteIpAddress: 0:0:0:0:0:0:0:1; SessionId: null}]
[ WARN ] [2017-01-03 15:14:20] org.springframework.context.support.ResourceBundleMessageSource [291] - ResourceBundle [messages] not found for MessageSource: Can't find bundle for base name messages, locale zh_CN
[ INFO ] [2017-01-03 15:14:20] org.springframework.boot.actuate.audit.listener.AuditListener [43] - AuditEvent [timestamp=Tue Jan 03 15:14:20 CST 2017, principal=yyx, type=AUTHENTICATION_SUCCESS, data={details=org.springframework.security.web.authentication.WebAuthenticationDetails@b364: RemoteIpAddress: 0:0:0:0:0:0:0:1; SessionId: null}]
[ WARN ] [2017-01-03 15:14:20] org.springframework.context.support.ResourceBundleMessageSource [291] - ResourceBundle [messages] not found for MessageSource: Can't find bundle for base name messages, locale zh_CN
[ INFO ] [2017-01-03 15:14:20] org.springframework.boot.actuate.audit.listener.AuditListener [43] - AuditEvent [timestamp=Tue Jan 03 15:14:20 CST 2017, principal=yyx, type=AUTHENTICATION_SUCCESS, data={details=org.springframework.security.web.authentication.WebAuthenticationDetails@b364: RemoteIpAddress: 0:0:0:0:0:0:0:1; SessionId: null}]
[ WARN ] [2017-01-03 15:14:21] org.springframework.context.support.ResourceBundleMessageSource [291] - ResourceBundle [messages] not found for MessageSource: Can't find bundle for base name messages, locale zh_CN
[ INFO ] [2017-01-03 15:14:21] org.springframework.boot.actuate.audit.listener.AuditListener [43] - AuditEvent [timestamp=Tue Jan 03 15:14:21 CST 2017, principal=yyx, type=AUTHENTICATION_SUCCESS, data={details=org.springframework.security.web.authentication.WebAuthenticationDetails@b364: RemoteIpAddress: 0:0:0:0:0:0:0:1; SessionId: null}]
[ WARN ] [2017-01-03 15:14:21] org.springframework.context.support.ResourceBundleMessageSource [291] - ResourceBundle [messages] not found for MessageSource: Can't find bundle for base name messages, locale zh_CN
[ INFO ] [2017-01-03 15:14:21] org.springframework.boot.actuate.audit.listener.AuditListener [43] - AuditEvent [timestamp=Tue Jan 03 15:14:21 CST 2017, principal=yyx, type=AUTHENTICATION_SUCCESS, data={details=org.springframework.security.web.authentication.WebAuthenticationDetails@b364: RemoteIpAddress: 0:0:0:0:0:0:0:1; SessionId: null}]
[ WARN ] [2017-01-03 15:14:21] org.springframework.context.support.ResourceBundleMessageSource [291] - ResourceBundle [messages] not found for MessageSource: Can't find bundle for base name messages, locale zh_CN
[ INFO ] [2017-01-03 15:14:21] org.springframework.boot.actuate.audit.listener.AuditListener [43] - AuditEvent [timestamp=Tue Jan 03 15:14:21 CST 2017, principal=yyx, type=AUTHENTICATION_SUCCESS, data={details=org.springframework.security.web.authentication.WebAuthenticationDetails@b364: RemoteIpAddress: 0:0:0:0:0:0:0:1; SessionId: null}]
[ WARN ] [2017-01-03 15:14:21] org.springframework.context.support.ResourceBundleMessageSource [291] - ResourceBundle [messages] not found for MessageSource: Can't find bundle for base name messages, locale zh_CN
[ INFO ] [2017-01-03 15:14:21] org.springframework.boot.actuate.audit.listener.AuditListener [43] - AuditEvent [timestamp=Tue Jan 03 15:14:21 CST 2017, principal=yyx, type=AUTHENTICATION_SUCCESS, data={details=org.springframework.security.web.authentication.WebAuthenticationDetails@b364: RemoteIpAddress: 0:0:0:0:0:0:0:1; SessionId: null}]
